Using pre-set license
Built from '2020.3/staging' branch; Version is '2020.3.8f1 (507919d4fff5) revision 5273881'; Using compiler version '192528614'; Build Type 'Release'
OS: 'Windows 10 Home; OS build 19042.985; Version 2009; 64bit' Language: 'ko' Physical Memory: 8105 MB
BatchMode: 1, IsHumanControllingUs: 0, StartBugReporterOnCrash: 0, Is64bit: 1, IsPro: 0

 COMMAND LINE ARGUMENTS:
C:\Program Files\Unity\Hub\Editor\2020.3.8f1\Editor\Unity.exe
-adb2
-batchMode
-noUpm
-name
AssetImportWorker0
-projectPath
C:/Users/minnk/Teample_minn/Teample_minn
-logFile
Logs/AssetImportWorker0.log
-srvPort
54006
Successfully changed project path to: C:/Users/minnk/Teample_minn/Teample_minn
C:/Users/minnk/Teample_minn/Teample_minn
Using Asset Import Pipeline V2.
Refreshing native plugins compatible for Editor in 584.84 ms, found 11 plugins.
Preloading 0 native plugins for Editor in 0.00 ms.
Initialize engine version: 2020.3.8f1 (507919d4fff5)
[Subsystems] Discovering subsystems at path C:/Program Files/Unity/Hub/Editor/2020.3.8f1/Editor/Data/Resources/UnitySubsystems
[Subsystems] Discovering subsystems at path C:/Users/minnk/Teample_minn/Teample_minn/Assets
GfxDevice: creating device client; threaded=0
Direct3D:
    Version:  Direct3D 11.0 [level 11.1]
    Renderer: Intel(R) HD Graphics 620 (ID=0x5916)
    Vendor:   
    VRAM:     4052 MB
    Driver:   27.20.100.8730
Initialize mono
Mono path[0] = 'C:/Program Files/Unity/Hub/Editor/2020.3.8f1/Editor/Data/Managed'
Mono path[1] = 'C:/Program Files/Unity/Hub/Editor/2020.3.8f1/Editor/Data/MonoBleedingEdge/lib/mono/unityjit'
Mono config path = 'C:/Program Files/Unity/Hub/Editor/2020.3.8f1/Editor/Data/MonoBleedingEdge/etc'
Using monoOptions --debugger-agent=transport=dt_socket,embedding=1,server=y,suspend=n,address=127.0.0.1:56560
Begin MonoManager ReloadAssembly
Registering precompiled unity dll's ...
Register platform support module: C:/Program Files/Unity/Hub/Editor/2020.3.8f1/Editor/Data/PlaybackEngines/WindowsStandaloneSupport/UnityEditor.WindowsStandalone.Extensions.dll
Registered in 0.011829 seconds.
Native extension for WindowsStandalone target not found
Refreshing native plugins compatible for Editor in 660.37 ms, found 11 plugins.
Preloading 0 native plugins for Editor in 0.00 ms.
Mono: successfully reloaded assembly
- Completed reload, in  3.348 seconds
Platform modules already initialized, skipping
Registering precompiled user dll's ...
Registered in 0.021120 seconds.
Begin MonoManager ReloadAssembly
Native extension for WindowsStandalone target not found
Refreshing native plugins compatible for Editor in 2.49 ms, found 11 plugins.
Preloading 0 native plugins for Editor in 0.00 ms.
Mono: successfully reloaded assembly
- Completed reload, in  2.631 seconds
Platform modules already initialized, skipping
========================================================================
Worker process is ready to serve import requests
Launched and connected shader compiler UnityShaderCompiler.exe after 0.12 seconds
Refreshing native plugins compatible for Editor in 1.32 ms, found 11 plugins.
Preloading 0 native plugins for Editor in 0.00 ms.
Unloading 1765 Unused Serialized files (Serialized files now loaded: 0)
System memory in use before: 80.1 MB.
System memory in use after: 80.1 MB.

Unloading 50 unused Assets to reduce memory usage. Loaded Objects now: 2172.
Total: 3.871200 ms (FindLiveObjects: 0.312400 ms CreateObjectMapping: 0.107600 ms MarkObjects: 3.306100 ms  DeleteObjects: 0.142200 ms)

========================================================================
Received Import Request.
  path: Assets/Scenes/ARScene.unity
  artifactKey: Guid(9fc0d4010bbf28b4594072e72b8655ab) Importer(815301076,1909f56bfc062723c751e8b465ee728b)
Start importing Assets/Scenes/ARScene.unity using Guid(9fc0d4010bbf28b4594072e72b8655ab) Importer(815301076,1909f56bfc062723c751e8b465ee728b)  -> (artifact id: '6262029ded2ddafabbd370bc71401366') in 0.025920 seconds
  Import took 0.032870 seconds .

========================================================================
Received Import Request.
  Time since last request: 51.716135 seconds.
  path: Assets/Scenes/SceneHome.unity
  artifactKey: Guid(7f12f8e9ee27eec4fb5883e81d571442) Importer(815301076,1909f56bfc062723c751e8b465ee728b)
Start importing Assets/Scenes/SceneHome.unity using Guid(7f12f8e9ee27eec4fb5883e81d571442) Importer(815301076,1909f56bfc062723c751e8b465ee728b)  -> (artifact id: 'ed03e231b82592db89c9f9002ecc6bcc') in 0.045225 seconds
  Import took 0.443913 seconds .

========================================================================
Received Prepare
Registering precompiled user dll's ...
Registered in 0.053078 seconds.
Begin MonoManager ReloadAssembly
Native extension for WindowsStandalone target not found
Refreshing native plugins compatible for Editor in 1.45 ms, found 11 plugins.
Preloading 0 native plugins for Editor in 0.00 ms.
Mono: successfully reloaded assembly
- Completed reload, in 11.244 seconds
Platform modules already initialized, skipping
Switching build target platform(5) subTarget(0) extendedPlatform(0) -> platform(13) subTarget(524288) extendedPlatform(0)
Refreshing native plugins compatible for Editor in 1.84 ms, found 11 plugins.
Preloading 0 native plugins for Editor in 0.00 ms.
Unloading 1742 Unused Serialized files (Serialized files now loaded: 0)
System memory in use before: 78.0 MB.
System memory in use after: 78.0 MB.

Unloading 44 unused Assets to reduce memory usage. Loaded Objects now: 2177.
Total: 4.961700 ms (FindLiveObjects: 0.285400 ms CreateObjectMapping: 0.131500 ms MarkObjects: 4.445600 ms  DeleteObjects: 0.096700 ms)

AssetImportParameters requested are different than current active one (requested -> active):
  custom:graphics/normal-map-encoding: 01000000000000000000000000000000 -> 02000000000000000000000000000000
========================================================================
Received Prepare
Refreshing native plugins compatible for Editor in 106.12 ms, found 11 plugins.
Preloading 0 native plugins for Editor in 0.00 ms.
Unloading 41 Unused Serialized files (Serialized files now loaded: 0)
System memory in use before: 44.2 MB.
System memory in use after: 44.3 MB.

Unloading 41 unused Assets to reduce memory usage. Loaded Objects now: 2177.
Total: 3.077300 ms (FindLiveObjects: 0.257300 ms CreateObjectMapping: 0.101000 ms MarkObjects: 2.624400 ms  DeleteObjects: 0.093400 ms)

AssetImportWorkerClient::OnTransportError - code=2 error=End of file
